<?xml version="1.0" encoding="UTF-8"?>
<!-- Generated by org.testng.reporters.JUnitReportReporter -->
<testsuite name="module.test.framework.Runner" tests="3" time="69.254" ignored="0" failures="0" timestamp="15 Dec 2019 19:52:00 GMT" skipped="0" hostname="GOT5CG7150LNP" errors="0">
  <testcase name="feature" time="1.381" classname="module.test.framework.Runner"/>
  <testcase name="feature" time="37.293" classname="module.test.framework.Runner"/>
  <testcase name="feature" time="30.580" classname="module.test.framework.Runner"/>
</testsuite> <!-- module.test.framework.Runner -->
