<?xml version="1.0" encoding="UTF-8"?>
<!-- Generated by org.testng.reporters.JUnitReportReporter -->
<testsuite name="test.framework.glue.ApiResponseComparator" tests="1" time="1.849" ignored="0" failures="0" timestamp="15 dec 2019 15:12:03 GMT" skipped="0" hostname="GOT5CG7150LNP" errors="0">
  <testcase name="FileInitialization" time="1.849" classname="test.framework.glue.ApiResponseComparator"/>
</testsuite> <!-- test.framework.glue.ApiResponseComparator -->
